<?xml version="1.0" encoding="UTF-8"?>
<!-- Generated by org.testng.reporters.JUnitReportReporter -->
<testsuite hostname="DESKTOP-9R59LGC" failures="0" tests="3" name="seatech.uiTest.ibv.test.TestCreatetransaction247" time="57.214" errors="0" timestamp="2023-12-20T17:51:13 ICT" skipped="0">
  <testcase classname="seatech.uiTest.ibv.test.TestCreatetransaction247" name="TestCreateTransaction247Success_TC1" time="31.364"/>
  <system-out/>
  <testcase classname="seatech.uiTest.ibv.test.TestCreatetransaction247" name="TestCreateTransaction247Success_TC2" time="22.278"/>
  <system-out/>
  <testcase classname="seatech.uiTest.ibv.test.TestCreatetransaction247" name="TestCreateTransaction247Success_TC3" time="3.572"/>
  <system-out/>
</testsuite> <!-- seatech.uiTest.ibv.test.TestCreatetransaction247 -->
