<?xml version="1.0" encoding="UTF-8"?>
<!-- Generated by org.testng.reporters.JUnitReportReporter -->
<testsuite hostname="DESKTOP-9R59LGC" failures="0" tests="1" name="seatech.uiTest.ibv.test.TestCreatetransactionInternal" time="16.326" errors="0" timestamp="2023-12-20T14:44:16 ICT" skipped="0">
  <testcase classname="seatech.uiTest.ibv.test.TestCreatetransactionInternal" name="TestCreateTransactionInternalSuccess" time="16.326"/>
  <system-out/>
</testsuite> <!-- seatech.uiTest.ibv.test.TestCreatetransactionInternal -->
